<?xml version="1.0" encoding="UTF-8"?>
<!-- Generated by org.testng.reporters.JUnitXMLReporter -->
<testsuite hostname="LAPTOP-OGUBGQ1C" ignored="0" name="Test 1" tests="2" failures="1" timestamp="2022-04-19T18:25:36 IST" time="10.077" errors="0">
  <testcase name="login" time="0.975" classname="com.sevenrmart.qa.testcases.VerifyingLoginPageTest"/>
  <testcase name="loginverification" time="0.091" classname="com.sevenrmart.qa.testcases.VerifyingLoginPageTest">
    <failure type="java.lang.AssertionError" message="expected [https://groceryapp.uniqassosiates.com/admin/login] but found [https://groceryapp.uniqassosiates.com/admin]">
      <![CDATA[java.lang.AssertionError: expected [https://groceryapp.uniqassosiates.com/admin/login] but found [https://groceryapp.uniqassosiates.com/admin]
at com.sevenrmart.qa.testcases.VerifyingLoginPageTest.loginverification(VerifyingLoginPageTest.java:26)
at java.util.ArrayList.forEach(ArrayList.java:1259)
... Removed 33 stack frames]]>
    </failure>
  </testcase> <!-- loginverification -->
</testsuite> <!-- Test 1 -->
