<?xml version="1.0" encoding="UTF-8"?>
<testng-results skipped="0" failed="1" ignored="0" total="2" passed="1">
  <reporter-output>
  </reporter-output>
  <suite name="Suite" duration-ms="8131" started-at="2022-04-19T08:49:52 IST" finished-at="2022-04-19T08:50:00 IST">
    <groups>
      <group name="sanity">
        <method signature="VerifyingLoginPageTest.login(java.lang.String,java.lang.String)[pri:1, instance:com.sevenrmart.qa.testcases.VerifyingLoginPageTest@480bdb19]" name="login" class="com.sevenrmart.qa.testcases.VerifyingLoginPageTest"/>
      </group> <!-- sanity -->
    </groups>
    <test name="Test" duration-ms="8131" started-at="2022-04-19T08:49:52 IST" finished-at="2022-04-19T08:50:00 IST">
      <class name="com.sevenrmart.qa.testcases.VerifyingLoginPageTest">
        <test-method status="PASS" signature="setUp(java.lang.String)[pri:0, instance:com.sevenrmart.qa.testcases.VerifyingLoginPageTest@480bdb19]" name="setUp" is-config="true" duration-ms="5085" started-at="2022-04-19T08:49:52 IST" finished-at="2022-04-19T08:49:57 IST">
          <params>
            <param index="0">
              <value>
                <![CDATA[edge]]>
              </value>
            </param>
          </params>
          <reporter-output>
          </reporter-output>
        </test-method> <!-- setUp -->
        <test-method status="PASS" signature="login(java.lang.String,java.lang.String)[pri:1, instance:com.sevenrmart.qa.testcases.VerifyingLoginPageTest@480bdb19]" name="login" duration-ms="1248" started-at="2022-04-19T08:49:58 IST" data-provider="userData" finished-at="2022-04-19T08:49:59 IST">
          <params>
            <param index="0">
              <value>
                <![CDATA[admin]]>
              </value>
            </param>
            <param index="1">
              <value>
                <![CDATA[admin]]>
              </value>
            </param>
          </params>
          <reporter-output>
          </reporter-output>
        </test-method> <!-- login -->
        <test-method status="PASS" signature="takeScreenShotOnFailure(org.testng.ITestResult)[pri:0, instance:com.sevenrmart.qa.testcases.VerifyingLoginPageTest@480bdb19]" name="takeScreenShotOnFailure" is-config="true" duration-ms="2" started-at="2022-04-19T08:49:59 IST" finished-at="2022-04-19T08:49:59 IST">
          <params>
            <param index="0">
              <value>
                <![CDATA[[TestResult name=login status=SUCCESS method=VerifyingLoginPageTest.login(java.lang.String,java.lang.String)[pri:1, instance:com.sevenrmart.qa.testcases.VerifyingLoginPageTest@480bdb19] output={null}]]]>
              </value>
            </param>
          </params>
          <reporter-output>
          </reporter-output>
        </test-method> <!-- takeScreenShotOnFailure -->
        <test-method status="FAIL" signature="loginverification()[pri:2, instance:com.sevenrmart.qa.testcases.VerifyingLoginPageTest@480bdb19]" name="loginverification" duration-ms="90" started-at="2022-04-19T08:49:59 IST" finished-at="2022-04-19T08:49:59 IST">
          <exception class="java.lang.AssertionError">
            <message>
              <![CDATA[expected [https://groceryapp.uniqassosiates.com/admin/login] but found [https://groceryapp.uniqassosiates.com/admin]]]>
            </message>
            <full-stacktrace>
              <![CDATA[java.lang.AssertionError: expected [https://groceryapp.uniqassosiates.com/admin/login] but found [https://groceryapp.uniqassosiates.com/admin]
at org.testng.Assert.fail(Assert.java:99)
at org.testng.Assert.failNotEquals(Assert.java:1037)
at org.testng.Assert.assertEqualsImpl(Assert.java:140)
at org.testng.Assert.assertEquals(Assert.java:122)
at org.testng.Assert.assertEquals(Assert.java:629)
at org.testng.Assert.assertEquals(Assert.java:639)
at com.sevenrmart.qa.testcases.VerifyingLoginPageTest.loginverification(VerifyingLoginPageTest.java:26)
at sun.reflect.NativeMethodAccessorImpl.invoke0(Native Method)
at sun.reflect.NativeMethodAccessorImpl.invoke(NativeMethodAccessorImpl.java:62)
at sun.reflect.DelegatingMethodAccessorImpl.invoke(DelegatingMethodAccessorImpl.java:43)
at java.lang.reflect.Method.invoke(Method.java:498)
at org.testng.internal.MethodInvocationHelper.invokeMethod(MethodInvocationHelper.java:133)
at org.testng.internal.TestInvoker.invokeMethod(TestInvoker.java:598)
at org.testng.internal.TestInvoker.invokeTestMethod(TestInvoker.java:173)
at org.testng.internal.MethodRunner.runInSequence(MethodRunner.java:46)
at org.testng.internal.TestInvoker$MethodInvocationAgent.invoke(TestInvoker.java:824)
at org.testng.internal.TestInvoker.invokeTestMethods(TestInvoker.java:146)
at org.testng.internal.TestMethodWorker.invokeTestMethods(TestMethodWorker.java:146)
at org.testng.internal.TestMethodWorker.run(TestMethodWorker.java:128)
at java.util.ArrayList.forEach(ArrayList.java:1259)
at org.testng.TestRunner.privateRun(TestRunner.java:794)
at org.testng.TestRunner.run(TestRunner.java:596)
at org.testng.SuiteRunner.runTest(SuiteRunner.java:377)
at org.testng.SuiteRunner.runSequentially(SuiteRunner.java:371)
at org.testng.SuiteRunner.privateRun(SuiteRunner.java:332)
at org.testng.SuiteRunner.run(SuiteRunner.java:276)
at org.testng.SuiteRunnerWorker.runSuite(SuiteRunnerWorker.java:53)
at org.testng.SuiteRunnerWorker.run(SuiteRunnerWorker.java:96)
at org.testng.TestNG.runSuitesSequentially(TestNG.java:1212)
at org.testng.TestNG.runSuitesLocally(TestNG.java:1134)
at org.testng.TestNG.runSuites(TestNG.java:1063)
at org.testng.TestNG.run(TestNG.java:1031)
at org.apache.maven.surefire.testng.TestNGExecutor.run(TestNGExecutor.java:283)
at org.apache.maven.surefire.testng.TestNGXmlTestSuite.execute(TestNGXmlTestSuite.java:75)
at org.apache.maven.surefire.testng.TestNGProvider.invoke(TestNGProvider.java:120)
at org.apache.maven.surefire.booter.ForkedBooter.invokeProviderInSameClassLoader(ForkedBooter.java:384)
at org.apache.maven.surefire.booter.ForkedBooter.runSuitesInProcess(ForkedBooter.java:345)
at org.apache.maven.surefire.booter.ForkedBooter.execute(ForkedBooter.java:126)
at org.apache.maven.surefire.booter.ForkedBooter.main(ForkedBooter.java:418)
]]>
            </full-stacktrace>
          </exception> <!-- java.lang.AssertionError -->
          <reporter-output>
          </reporter-output>
        </test-method> <!-- loginverification -->
        <test-method status="PASS" signature="takeScreenShotOnFailure(org.testng.ITestResult)[pri:0, instance:com.sevenrmart.qa.testcases.VerifyingLoginPageTest@480bdb19]" name="takeScreenShotOnFailure" is-config="true" duration-ms="389" started-at="2022-04-19T08:49:59 IST" finished-at="2022-04-19T08:50:00 IST">
          <params>
            <param index="0">
              <value>
                <![CDATA[[TestResult name=loginverification status=FAILURE method=VerifyingLoginPageTest.loginverification()[pri:2, instance:com.sevenrmart.qa.testcases.VerifyingLoginPageTest@480bdb19] output={null}]]]>
              </value>
            </param>
          </params>
          <reporter-output>
          </reporter-output>
        </test-method> <!-- takeScreenShotOnFailure -->
        <test-method status="PASS" signature="tearDown()[pri:0, instance:com.sevenrmart.qa.testcases.VerifyingLoginPageTest@480bdb19]" name="tearDown" is-config="true" duration-ms="0" started-at="2022-04-19T08:50:00 IST" finished-at="2022-04-19T08:50:00 IST">
          <reporter-output>
          </reporter-output>
        </test-method> <!-- tearDown -->
      </class> <!-- com.sevenrmart.qa.testcases.VerifyingLoginPageTest -->
    </test> <!-- Test -->
  </suite> <!-- Suite -->
</testng-results>
